<?xml version="1.0" encoding="UTF-8"?>
<!-- Generated by org.testng.reporters.JUnitReportReporter -->
<testsuite hostname="CSCO-W-PF2S4K91" failures="0" tests="1" name="restassured.completebookings" time="0.018" errors="0" timestamp="2021-12-24T18:39:28 IST" skipped="0">
  <testcase classname="restassured.completebookings" name="complete_booking" time="0.018"/>
  <system-out/>
</testsuite> <!-- restassured.completebookings -->
