<?xml version="1.0" encoding="UTF-8"?>
<!-- Generated by org.testng.reporters.JUnitReportReporter -->
<testsuite hostname="CSCO-W-PF2S4K91" failures="0" tests="1" name="restassured.login" time="0.024" errors="0" timestamp="2021-12-24T18:39:28 IST" skipped="0">
  <testcase classname="restassured.login" name="register_user" time="0.024"/>
  <system-out/>
</testsuite> <!-- restassured.login -->
