<?xml version="1.0" encoding="UTF-8"?>
<!-- Generated by org.testng.reporters.JUnitReportReporter -->
<testsuite hostname="CSCO-W-PF2S4K91" failures="0" tests="1" name="restassured.postuser" time="1.235" errors="0" timestamp="2021-12-24T18:39:28 IST" skipped="0">
  <testcase classname="restassured.postuser" name="register_user" time="1.235"/>
  <system-out/>
</testsuite> <!-- restassured.postuser -->
